<?xml version="1.0" encoding="UTF-8"?>
<!-- Generated by org.testng.reporters.JUnitReportReporter -->
<testsuite skipped="1" hostname="DESKTOP-NJ2MVUF" name="com.w2a.testcases.CreateAccountTest" tests="1" failures="0" timestamp="18 Jan 2021 10:15:01 GMT" time="0.000" errors="0">
  <testcase name="createAccountTest" time="0.000" classname="com.w2a.testcases.CreateAccountTest">
    <skipped/>
  </testcase> <!-- createAccountTest -->
</testsuite> <!-- com.w2a.testcases.CreateAccountTest -->
